This is pdfTeX, Version 3.14159265-2.6-1.40.20 (TeX Live 2019) (preloaded format=pdflatex 2020.4.2)  16 APR 2020 12:36
entering extended mode
 restricted \write18 enabled.
 %&-line parsing enabled.
**apssamp.tex
(./apssamp.tex
LaTeX2e <2018-12-01>
(/usr/local/texlive/2019/texmf-dist/tex/latex/revtex/revtex4-2.cls
Document Class: revtex4-2 2019/01/18/14:29:48 4.2c (https://journals.aps.org/re
vtex/ for documentation)
 Copyright (c) 2019 American Physical Society.
 mailto:revtex@aps.org
 Licensed under the LPPL:
http://www.ctan.org/tex-archive/macros/latex/base/lppl.txt
 Arthur Ogawa <arthur_ogawa at sbcglobal dot net>
 Based on work by David Carlisle <david at dcarlisle.demon.co.uk>Version (4.2c)
: Modified by Mark Doyle
 .
ltxutil[2019/01/18/14:29:48 4.2c utilities package (portions licensed from W. E
. Baxter web at superscript.com)]
LaTeX Info: Redefining \@centercr on input line 315.
Class revtex4-2 Info: Repairing broken LaTeX eqnarray on input line 365.
\eqncolsep=\skip41
Class revtex4-2 Info: Repairing hyperref-unfriendly LaTeX definition of \mpfoot
note on input line 440.
Class revtex4-2 Info: Repairing broken LateX \@sect on input line 762.
\intertabularlinepenalty=\count80
\@tbpen=\count81
\@arstrutbox@hline=\box27
Class revtex4-2 Info: Repairing broken LaTeX \@xbitor on input line 1793.
Class revtex4-2 Info: Making \typeout \long on input line 2053.
ltxfront[2019/01/18/14:29:48 4.2c frontmatter package (AO,DPC,MD)]
\c@affil=\count82
\c@collab=\count83
\absbox=\box28
ltxgrid[2019/01/18/14:29:48 4.2c page grid package (portions licensed from W. E
. Baxter web at superscript.com)]
\c@linecount=\count84
\output@latex=\toks14
\box@size@1=\box29
\box@size@2=\box30
\@protection@box=\box31
\@topmark@saved=\toks15
\footins@saved=\box32
\footins@recovered=\box33
\column@recovered=\box34
\pagesofar=\box35
\footsofar=\box36
\pagegrid@col=\count85
Class revtex4-2 Info: Overriding \@vspace, \@vspacer, \@no@pgbk, \@newline, and
 \\  on input line 5585.
\c@part=\count86
\c@section=\count87
\c@subsection=\count88
\c@subsubsection=\count89
\c@paragraph=\count90
\c@subparagraph=\count91
\abovecaptionskip=\skip42
\belowcaptionskip=\skip43
\c@figure=\count92
\fbox@1=\box37
\c@table=\count93
\fbox@2=\box38
\c@video=\count94
\fbox@4=\box39
\@bibdataout=\write3
\widetext@top=\box40
\widetext@bot=\box41
Class revtex4-2 Info: Selecting society aps on input line 7581.
(/usr/local/texlive/2019/texmf-dist/tex/latex/revtex/aps4-2.rtx
File: aps4-2 2019/01/18/14:29:48 4.2c (https://journals.aps.org/revtex/ for doc
umentation)
Class revtex4-2 Info: RevTeX society APS selected on input line 37.
)

Class revtex4-2 Warning: No journal specified, using default pra.

Class revtex4-2 Info: APS journal PRA selected on input line 7584.
(/usr/local/texlive/2019/texmf-dist/tex/latex/revtex/aps10pt4-2.rtx
File: aps10pt4-2 2019/01/18/14:29:48 4.2c (https://journals.aps.org/revtex/ for
 documentation)
Class revtex4-2 Info: RevTeX pointsize 10pt selected on input line 36.
)
(/usr/local/texlive/2019/texmf-dist/tex/latex/textcase/textcase.sty
Package: textcase 2004/10/07 v0.07 Text only upper/lower case changing (DPC)
)
(/usr/local/texlive/2019/texmf-dist/tex/latex/amsfonts/amssymb.sty
Package: amssymb 2013/01/14 v3.01 AMS font symbols

(/usr/local/texlive/2019/texmf-dist/tex/latex/amsfonts/amsfonts.sty
Package: amsfonts 2013/01/14 v3.01 Basic AMSFonts support
\@emptytoks=\toks16
\symAMSa=\mathgroup4
\symAMSb=\mathgroup5
LaTeX Font Info:    Overwriting math alphabet `\mathfrak' in version `bold'
(Font)                  U/euf/m/n --> U/euf/b/n on input line 106.
))
(/usr/local/texlive/2019/texmf-dist/tex/latex/amsmath/amsmath.sty
Package: amsmath 2018/12/01 v2.17b AMS math features
\@mathmargin=\skip44

For additional information on amsmath, use the `?' option.
(/usr/local/texlive/2019/texmf-dist/tex/latex/amsmath/amstext.sty
Package: amstext 2000/06/29 v2.01 AMS text

(/usr/local/texlive/2019/texmf-dist/tex/latex/amsmath/amsgen.sty
File: amsgen.sty 1999/11/30 v2.0 generic functions
\@emptytoks=\toks17
\ex@=\dimen102
)
LaTeX Info: Redefining \text on input line 28.
)
(/usr/local/texlive/2019/texmf-dist/tex/latex/amsmath/amsbsy.sty
Package: amsbsy 1999/11/29 v1.2d Bold Symbols
\pmbraise@=\dimen103
)
(/usr/local/texlive/2019/texmf-dist/tex/latex/amsmath/amsopn.sty
Package: amsopn 2016/03/08 v2.02 operator names
)
\inf@bad=\count95
LaTeX Info: Redefining \frac on input line 223.
\uproot@=\count96
\leftroot@=\count97
LaTeX Info: Redefining \overline on input line 385.
\classnum@=\count98
\DOTSCASE@=\count99
LaTeX Info: Redefining \ldots on input line 482.
LaTeX Info: Redefining \dots on input line 485.
LaTeX Info: Redefining \cdots on input line 606.
\Mathstrutbox@=\box42
\strutbox@=\box43
\big@size=\dimen104
LaTeX Font Info:    Redeclaring font encoding OML on input line 729.
LaTeX Font Info:    Redeclaring font encoding OMS on input line 730.
\macc@depth=\count100
\c@MaxMatrixCols=\count101
\dotsspace@=\muskip10
\c@parentequation=\count102
\dspbrk@lvl=\count103
\tag@help=\toks18
\row@=\count104
\column@=\count105
\maxfields@=\count106
\andhelp@=\toks19
\eqnshift@=\dimen105
\alignsep@=\dimen106
\tagshift@=\dimen107
\tagwidth@=\dimen108
\totwidth@=\dimen109
\lineht@=\dimen110
\@envbody=\toks20
\multlinegap=\skip45
\multlinetaggap=\skip46
\mathdisplay@stack=\toks21
LaTeX Info: Redefining \[ on input line 2844.
LaTeX Info: Redefining \] on input line 2845.
)
(/usr/local/texlive/2019/texmf-dist/tex/latex/url/url.sty
\Urlmuskip=\muskip11
Package: url 2013/09/16  ver 3.4  Verb mode for urls, etc.
)
(/usr/local/texlive/2019/texmf-dist/tex/latex/natbib/natbib.sty
Package: natbib 2010/09/13 8.31b (PWD, AO)
\bibhang=\skip47
\bibsep=\skip48
LaTeX Info: Redefining \cite on input line 694.
\c@NAT@ctr=\count107
)
Class revtex4-2 Info: Repairing natbib's \BibitemShut on input line 7588.

(/usr/local/texlive/2019/texmf-dist/tex/latex/revtex/revsymb4-2.sty
Package: revsymb4-2 2019/01/18/14:29:48 4.2c (https://journals.aps.org/revtex/ 
for documentation)
LaTeX Info: Redefining \frak on input line 101.
LaTeX Info: Redefining \Bbb on input line 117.
LaTeX Info: Redefining \REV@mathfrak on input line 125.
))
(/usr/local/texlive/2019/texmf-dist/tex/latex/graphics/graphicx.sty
Package: graphicx 2017/06/01 v1.1a Enhanced LaTeX Graphics (DPC,SPQR)

(/usr/local/texlive/2019/texmf-dist/tex/latex/graphics/keyval.sty
Package: keyval 2014/10/28 v1.15 key=value parser (DPC)
\KV@toks@=\toks22
)
(/usr/local/texlive/2019/texmf-dist/tex/latex/graphics/graphics.sty
Package: graphics 2017/06/25 v1.2c Standard LaTeX Graphics (DPC,SPQR)

(/usr/local/texlive/2019/texmf-dist/tex/latex/graphics/trig.sty
Package: trig 2016/01/03 v1.10 sin cos tan (DPC)
)
(/usr/local/texlive/2019/texmf-dist/tex/latex/graphics-cfg/graphics.cfg
File: graphics.cfg 2016/06/04 v1.11 sample graphics configuration
)
Package graphics Info: Driver file: pdftex.def on input line 99.

(/usr/local/texlive/2019/texmf-dist/tex/latex/graphics-def/pdftex.def
File: pdftex.def 2018/01/08 v1.0l Graphics/color driver for pdftex
))
\Gin@req@height=\dimen111
\Gin@req@width=\dimen112
)
(/usr/local/texlive/2019/texmf-dist/tex/latex/tools/dcolumn.sty
Package: dcolumn 2014/10/28 v1.06 decimal alignment package (DPC)

(/usr/local/texlive/2019/texmf-dist/tex/latex/tools/array.sty
Package: array 2018/12/30 v2.4k Tabular extension package (FMi)
\col@sep=\dimen113
\ar@mcellbox=\box44
\extrarowheight=\dimen114
\NC@list=\toks23
\extratabsurround=\skip49
\backup@length=\skip50
\ar@cellbox=\box45
))
(/usr/local/texlive/2019/texmf-dist/tex/latex/tools/bm.sty
Package: bm 2017/01/16 v1.2c Bold Symbol Support (DPC/FMi)
\symboldoperators=\mathgroup6
\symboldletters=\mathgroup7
\symboldsymbols=\mathgroup8
LaTeX Font Info:    Redeclaring math alphabet \mathbf on input line 141.
LaTeX Info: Redefining \bm on input line 207.
)
Class revtex4-2 Info: Unrecognized array package. Please update this document c
lass! (Proceeding with fingers crossed.) on input line 58.
Class revtex4-2 Info: Robustifying \LaTeX's \boldmath command on input line 58.

Class revtex4-2 Info: cite was not loaded (OK!) on input line 58.
Class revtex4-2 Info: mcite was not loaded (OK!) on input line 58.
Class revtex4-2 Info: multicol was not loaded (OK!) on input line 58.
 (./apssamp.aux)
\openout1 = `apssamp.aux'.

LaTeX Font Info:    Checking defaults for OML/cmm/m/it on input line 58.
LaTeX Font Info:    ... okay on input line 58.
LaTeX Font Info:    Checking defaults for T1/cmr/m/n on input line 58.
LaTeX Font Info:    ... okay on input line 58.
LaTeX Font Info:    Checking defaults for OT1/cmr/m/n on input line 58.
LaTeX Font Info:    ... okay on input line 58.
LaTeX Font Info:    Checking defaults for OMS/cmsy/m/n on input line 58.
LaTeX Font Info:    ... okay on input line 58.
LaTeX Font Info:    Checking defaults for OMX/cmex/m/n on input line 58.
LaTeX Font Info:    ... okay on input line 58.
LaTeX Font Info:    Checking defaults for U/cmr/m/n on input line 58.
LaTeX Font Info:    ... okay on input line 58.

(/usr/local/texlive/2019/texmf-dist/tex/context/base/mkii/supp-pdf.mkii
[Loading MPS to PDF converter (version 2006.09.02).]
\scratchcounter=\count108
\scratchdimen=\dimen115
\scratchbox=\box46
\nofMPsegments=\count109
\nofMParguments=\count110
\everyMPshowfont=\toks24
\MPscratchCnt=\count111
\MPscratchDim=\dimen116
\MPnumerator=\count112
\makeMPintoPDFobject=\count113
\everyMPtoPDFconversion=\toks25
) (/usr/local/texlive/2019/texmf-dist/tex/latex/oberdiek/epstopdf-base.sty
Package: epstopdf-base 2016/05/15 v2.6 Base part for package epstopdf

(/usr/local/texlive/2019/texmf-dist/tex/generic/oberdiek/infwarerr.sty
Package: infwarerr 2016/05/16 v1.4 Providing info/warning/error messages (HO)
)
(/usr/local/texlive/2019/texmf-dist/tex/latex/oberdiek/grfext.sty
Package: grfext 2016/05/16 v1.2 Manage graphics extensions (HO)

(/usr/local/texlive/2019/texmf-dist/tex/generic/oberdiek/kvdefinekeys.sty
Package: kvdefinekeys 2016/05/16 v1.4 Define keys (HO)

(/usr/local/texlive/2019/texmf-dist/tex/generic/oberdiek/ltxcmds.sty
Package: ltxcmds 2016/05/16 v1.23 LaTeX kernel commands for general use (HO)
)))
(/usr/local/texlive/2019/texmf-dist/tex/latex/oberdiek/kvoptions.sty
Package: kvoptions 2016/05/16 v3.12 Key value format for package options (HO)

(/usr/local/texlive/2019/texmf-dist/tex/generic/oberdiek/kvsetkeys.sty
Package: kvsetkeys 2016/05/16 v1.17 Key value parser (HO)

(/usr/local/texlive/2019/texmf-dist/tex/generic/oberdiek/etexcmds.sty
Package: etexcmds 2016/05/16 v1.6 Avoid name clashes with e-TeX commands (HO)

(/usr/local/texlive/2019/texmf-dist/tex/generic/oberdiek/ifluatex.sty
Package: ifluatex 2016/05/16 v1.4 Provides the ifluatex switch (HO)
Package ifluatex Info: LuaTeX not detected.
))))
(/usr/local/texlive/2019/texmf-dist/tex/generic/oberdiek/pdftexcmds.sty
Package: pdftexcmds 2018/09/10 v0.29 Utility functions of pdfTeX for LuaTeX (HO
)

(/usr/local/texlive/2019/texmf-dist/tex/generic/oberdiek/ifpdf.sty
Package: ifpdf 2018/09/07 v3.3 Provides the ifpdf switch
)
Package pdftexcmds Info: LuaTeX not detected.
Package pdftexcmds Info: \pdf@primitive is available.
Package pdftexcmds Info: \pdf@ifprimitive is available.
Package pdftexcmds Info: \pdfdraftmode found.
)
Package epstopdf-base Info: Redefining graphics rule for `.eps' on input line 4
38.
Package grfext Info: Graphics extension search list:
(grfext)             [.pdf,.png,.jpg,.mps,.jpeg,.jbig2,.jb2,.PDF,.PNG,.JPG,.JPE
G,.JBIG2,.JB2,.eps]
(grfext)             \AppendGraphicsExtensions on input line 456.

(/usr/local/texlive/2019/texmf-dist/tex/latex/latexconfig/epstopdf-sys.cfg
File: epstopdf-sys.cfg 2010/07/13 v1.3 Configuration of (r)epstopdf for TeX Liv
e
))
\openout3 = `apssampNotes.bib'.



Class revtex4-2 Warning: Assuming \noaffiliation for collaboration.

LaTeX Font Info:    Try loading font information for U+msa on input line 110.
(/usr/local/texlive/2019/texmf-dist/tex/latex/amsfonts/umsa.fd
File: umsa.fd 2013/01/14 v3.01 AMS symbols A
)
LaTeX Font Info:    Try loading font information for U+msb on input line 110.

(/usr/local/texlive/2019/texmf-dist/tex/latex/amsfonts/umsb.fd
File: umsb.fd 2013/01/14 v3.01 AMS symbols B
)
LaTeX Font Info:    Try loading font information for OMS+cmr on input line 110.


(/usr/local/texlive/2019/texmf-dist/tex/latex/base/omscmr.fd
File: omscmr.fd 2014/09/29 v2.5h Standard LaTeX font definitions
)
LaTeX Font Info:    Font shape `OMS/cmr/m/it' in size <9> not available
(Font)              Font shape `OMS/cmsy/m/n' tried instead on input line 110.
LaTeX Font Info:    Font shape `OMS/cmr/bx/n' in size <9> not available
(Font)              Font shape `OMS/cmsy/b/n' tried instead on input line 115.
LaTeX Font Info:    Font shape `OMS/cmr/m/n' in size <10> not available
(Font)              Font shape `OMS/cmsy/m/n' tried instead on input line 132.
 [1{/usr/local/texlive/2019/texmf-var/fonts/map/pdftex/updmap/pdftex.map}]
Underfull \hbox (badness 1062) in paragraph at lines 252--263
\OT1/cmr/m/n/10 BibT[]X (one of these should be by arXiv con-ven-
 []


Underfull \hbox (badness 1205) in paragraph at lines 252--263
\OT1/cmr/m/n/10 tion \OT1/cmtt/m/n/10 apssamp.bib\OT1/cmr/m/n/10 ). Run-ning Bi
bT[]X (via \OT1/cmtt/m/n/10 bibtex
 []


Underfull \hbox (badness 1215) in paragraph at lines 252--263
\OT1/cmr/m/n/10 If not us-ing BibT[]X, you will have to cre-ate the
 []

[2]
LaTeX Font Info:    Try loading font information for U+euf on input line 286.
 (/usr/local/texlive/2019/texmf-dist/tex/latex/amsfonts/ueuf.fd
File: ueuf.fd 2013/01/14 v3.01 Euler Fraktur
)
Underfull \hbox (badness 4819) in paragraph at lines 334--337
[]\OT1/cmr/m/n/10 Multiline equa-tions are ob-tained by us-ing the
 []


Underfull \hbox (badness 1152) in paragraph at lines 381--392
 \OT1/cmr/m/it/10 a. A few notes on \OT1/cmtt/m/it/10 tag\OT1/cmr/m/it/10 s[] [
][]\OT1/cmtt/m/n/10 \tag{#1} []\OT1/cmr/m/n/10 re-quires the
 []


Underfull \hbox (badness 10000) in paragraph at lines 393--402
[]\OT1/cmr/m/n/10 Enclosing dis-play math within
 []


Underfull \hbox (badness 10000) in paragraph at lines 393--402
[][]\OT1/cmtt/m/n/10 \begin{subequations} []\OT1/cmr/m/n/10 and [][]\OT1/cmtt/m
/n/10 \end{subequations}
 []

[3]
Underfull \hbox (badness 2626) in paragraph at lines 413--419
\OT1/cmr/m/n/10 Giving a [][]\OT1/cmtt/m/n/10 \label{#1} []\OT1/cmr/m/n/10 com-
mand di-rectly af-ter the
 []

Package epstopdf Info: Source file: <fig_1.eps>
(epstopdf)                    date: 2020-04-02 14:43:31
(epstopdf)                    size: 187 bytes
(epstopdf)             Output file: <fig_1-eps-converted-to.pdf>
(epstopdf)                    date: 2020-04-02 14:44:15
(epstopdf)                    size: 4446 bytes
(epstopdf)             Command: <repstopdf --outfile=fig_1-eps-converted-to.pdf
 fig_1.eps>
(epstopdf)             \includegraphics on input line 485.
Package epstopdf Info: Output file is already uptodate.
<fig_1-eps-converted-to.pdf, id=38, 100.375pt x 100.375pt>
File: fig_1-eps-converted-to.pdf Graphic file (type pdf)
<use fig_1-eps-converted-to.pdf>
Package pdftex.def Info: fig_1-eps-converted-to.pdf  used on input line 485.
(pdftex.def)             Requested size: 100.37474pt x 100.37474pt.
Package epstopdf Info: Source file: <fig_2.eps>
(epstopdf)                    date: 2020-04-02 14:43:31
(epstopdf)                    size: 190 bytes
(epstopdf)             Output file: <fig_2-eps-converted-to.pdf>
(epstopdf)                    date: 2020-04-02 14:44:16
(epstopdf)                    size: 4708 bytes
(epstopdf)             Command: <repstopdf --outfile=fig_2-eps-converted-to.pdf
 fig_2.eps>
(epstopdf)             \includegraphics on input line 501.
Package epstopdf Info: Output file is already uptodate.
<fig_2-eps-converted-to.pdf, id=39, 501.875pt x 80.3pt>
File: fig_2-eps-converted-to.pdf Graphic file (type pdf)
<use fig_2-eps-converted-to.pdf>
Package pdftex.def Info: fig_2-eps-converted-to.pdf  used on input line 501.
(pdftex.def)             Requested size: 501.87376pt x 80.29979pt.
LaTeX Font Info:    Font shape `OMS/cmr/m/n' in size <9> not available
(Font)              Font shape `OMS/cmsy/m/n' tried instead on input line 510.
[4 <./fig_1-eps-converted-to.pdf>] [5 <./fig_2-eps-converted-to.pdf>]
Package epstopdf Info: Source file: <vid_1a.eps>
(epstopdf)                    date: 2020-04-02 14:43:31
(epstopdf)                    size: 194 bytes
(epstopdf)             Output file: <vid_1a-eps-converted-to.pdf>
(epstopdf)                    date: 2020-04-02 14:44:16
(epstopdf)                    size: 4577 bytes
(epstopdf)             Command: <repstopdf --outfile=vid_1a-eps-converted-to.pd
f vid_1a.eps>
(epstopdf)             \includegraphics on input line 660.
Package epstopdf Info: Output file is already uptodate.
<vid_1a-eps-converted-to.pdf, id=60, 100.375pt x 100.375pt>
File: vid_1a-eps-converted-to.pdf Graphic file (type pdf)
<use vid_1a-eps-converted-to.pdf>
Package pdftex.def Info: vid_1a-eps-converted-to.pdf  used on input line 660.
(pdftex.def)             Requested size: 100.37474pt x 100.37474pt.
Package epstopdf Info: Source file: <vid_1b.eps>
(epstopdf)                    date: 2020-04-02 14:43:31
(epstopdf)                    size: 194 bytes
(epstopdf)             Output file: <vid_1b-eps-converted-to.pdf>
(epstopdf)                    date: 2020-04-02 14:44:16
(epstopdf)                    size: 4644 bytes
(epstopdf)             Command: <repstopdf --outfile=vid_1b-eps-converted-to.pd
f vid_1b.eps>
(epstopdf)             \includegraphics on input line 662.
Package epstopdf Info: Output file is already uptodate.
<vid_1b-eps-converted-to.pdf, id=61, 100.375pt x 100.375pt>
File: vid_1b-eps-converted-to.pdf Graphic file (type pdf)
<use vid_1b-eps-converted-to.pdf>
Package pdftex.def Info: vid_1b-eps-converted-to.pdf  used on input line 662.
(pdftex.def)             Requested size: 100.37474pt x 100.37474pt.

Underfull \hbox (badness 7595) in paragraph at lines 655--676
[]\OT1/cmr/m/n/10 Video 1[] il-lus-trates sev-eral fea-tures new with
 []

(./apssamp.bbl
Overfull \vbox (8.72704pt too high) has occurred while \output is active []


Overfull \vbox (8.72704pt too high) has occurred while \output is active []


[6 <./vid_1a-eps-converted-to.pdf> <./vid_1b-eps-converted-to.pdf>]) [7]
(./apssamp.aux) ) 
Here is how much of TeX's memory you used:
 4770 strings out of 492616
 63556 string characters out of 6129482
 190258 words of memory out of 5000000
 8579 multiletter control sequences out of 15000+600000
 20586 words of font info for 78 fonts, out of 8000000 for 9000
 1141 hyphenation exceptions out of 8191
 41i,15n,31p,627b,417s stack positions out of 5000i,500n,10000p,200000b,80000s
</usr/local/texlive/2019/texmf-dist/fonts/type1/public/amsfont
s/cmextra/cmbsy9.pfb></usr/local/texlive/2019/texmf-dist/fonts/type1/public/ams
fonts/cm/cmbx10.pfb></usr/local/texlive/2019/texmf-dist/fonts/type1/public/amsf
onts/cm/cmbx12.pfb></usr/local/texlive/2019/texmf-dist/fonts/type1/public/amsfo
nts/cm/cmbx9.pfb></usr/local/texlive/2019/texmf-dist/fonts/type1/public/amsfont
s/cm/cmex10.pfb></usr/local/texlive/2019/texmf-dist/fonts/type1/public/amsfonts
/cm/cmitt10.pfb></usr/local/texlive/2019/texmf-dist/fonts/type1/public/amsfonts
/cm/cmmi10.pfb></usr/local/texlive/2019/texmf-dist/fonts/type1/public/amsfonts/
cm/cmmi6.pfb></usr/local/texlive/2019/texmf-dist/fonts/type1/public/amsfonts/cm
/cmmi7.pfb></usr/local/texlive/2019/texmf-dist/fonts/type1/public/amsfonts/cm/c
mmi8.pfb></usr/local/texlive/2019/texmf-dist/fonts/type1/public/amsfonts/cm/cmm
i9.pfb></usr/local/texlive/2019/texmf-dist/fonts/type1/public/amsfonts/cm/cmmib
10.pfb></usr/local/texlive/2019/texmf-dist/fonts/type1/public/amsfonts/cm/cmr10
.pfb></usr/local/texlive/2019/texmf-dist/fonts/type1/public/amsfonts/cm/cmr5.pf
b></usr/local/texlive/2019/texmf-dist/fonts/type1/public/amsfonts/cm/cmr6.pfb><
/usr/local/texlive/2019/texmf-dist/fonts/type1/public/amsfonts/cm/cmr7.pfb></us
r/local/texlive/2019/texmf-dist/fonts/type1/public/amsfonts/cm/cmr8.pfb></usr/l
ocal/texlive/2019/texmf-dist/fonts/type1/public/amsfonts/cm/cmr9.pfb></usr/loca
l/texlive/2019/texmf-dist/fonts/type1/public/amsfonts/cm/cmsy10.pfb></usr/local
/texlive/2019/texmf-dist/fonts/type1/public/amsfonts/cm/cmsy6.pfb></usr/local/t
exlive/2019/texmf-dist/fonts/type1/public/amsfonts/cm/cmsy7.pfb></usr/local/tex
live/2019/texmf-dist/fonts/type1/public/amsfonts/cm/cmsy8.pfb></usr/local/texli
ve/2019/texmf-dist/fonts/type1/public/amsfonts/cm/cmsy9.pfb></usr/local/texlive
/2019/texmf-dist/fonts/type1/public/amsfonts/cm/cmti10.pfb></usr/local/texlive/
2019/texmf-dist/fonts/type1/public/amsfonts/cm/cmti9.pfb></usr/local/texlive/20
19/texmf-dist/fonts/type1/public/amsfonts/cm/cmtt10.pfb></usr/local/texlive/201
9/texmf-dist/fonts/type1/public/amsfonts/cm/cmtt9.pfb></usr/local/texlive/2019/
texmf-dist/fonts/type1/public/amsfonts/euler/eufm10.pfb></usr/local/texlive/201
9/texmf-dist/fonts/type1/public/amsfonts/symbols/msam10.pfb></usr/local/texlive
/2019/texmf-dist/fonts/type1/public/amsfonts/symbols/msbm10.pfb>
Output written on apssamp.pdf (7 pages, 356348 bytes).
PDF statistics:
 173 PDF objects out of 1000 (max. 8388607)
 124 compressed objects within 2 object streams
 0 named destinations out of 1000 (max. 500000)
 21 words of extra memory for PDF output out of 10000 (max. 10000000)

